# JRE version: OpenJDK Runtime Environment (8.0_265-b01) (build 1.8.0_265-b01)
# Java VM: OpenJDK 64-Bit Server VM (25.265-b01 mixed mode windows-amd64 compressed oops)
Heap:
 PSYoungGen      total 196608K, used 12901K [0x000000076b380000, 0x0000000778d80000, 0x00000007c0000000)
  eden space 169984K, 7% used [0x000000076b380000,0x000000076c019658,0x0000000775980000)
  from space 26624K, 0% used [0x0000000775980000,0x0000000775980000,0x0000000777380000)
  to   space 26112K, 0% used [0x0000000777400000,0x0000000777400000,0x0000000778d80000)
 ParOldGen       total 237056K, used 55344K [0x00000006c1a00000, 0x00000006d0180000, 0x000000076b380000)
  object space 237056K, 23% used [0x00000006c1a00000,0x00000006c500c278,0x00000006d0180000)
 Metaspace       used 57471K, capacity 59646K, committed 59776K, reserved 1101824K
  class space    used 7264K, capacity 7712K, committed 7808K, reserved 1048576K
GC Heap History (36 events):
Event: 4.353 GC heap before
{Heap before GC invocations=1 (full 0):
 PSYoungGen      total 76288K, used 65536K [0x000000076b380000, 0x0000000770880000, 0x00000007c0000000)
  eden space 65536K, 100% used [0x000000076b380000,0x000000076f380000,0x000000076f380000)
  from space 10752K, 0% used [0x000000076fe00000,0x000000076fe00000,0x0000000770880000)
  to   space 10752K, 0% used [0x000000076f380000,0x000000076f380000,0x000000076fe00000)
 ParOldGen       total 175104K, used 0K [0x00000006c1a00000, 0x00000006cc500000, 0x000000076b380000)
  object space 175104K, 0% used [0x00000006c1a00000,0x00000006c1a00000,0x00000006cc500000)
 Metaspace       used 11622K, capacity 11786K, committed 12032K, reserved 1060864K
  class space    used 1333K, capacity 1414K, committed 1536K, reserved 1048576K
Event: 4.365 GC heap after
Heap after GC invocations=1 (full 0):
 PSYoungGen      total 76288K, used 8980K [0x000000076b380000, 0x0000000770880000, 0x00000007c0000000)
  eden space 65536K, 0% used [0x000000076b380000,0x000000076b380000,0x000000076f380000)
  from space 10752K, 83% used [0x000000076f380000,0x000000076fc452e8,0x000000076fe00000)
  to   space 10752K, 0% used [0x000000076fe00000,0x000000076fe00000,0x0000000770880000)
 ParOldGen       total 175104K, used 16K [0x00000006c1a00000, 0x00000006cc500000, 0x000000076b380000)
  object space 175104K, 0% used [0x00000006c1a00000,0x00000006c1a04000,0x00000006cc500000)
 Metaspace       used 11622K, capacity 11786K, committed 12032K, reserved 1060864K
  class space    used 1333K, capacity 1414K, committed 1536K, reserved 1048576K
}
Event: 6.594 GC heap before
{Heap before GC invocations=2 (full 0):
 PSYoungGen      total 76288K, used 74516K [0x000000076b380000, 0x0000000770880000, 0x00000007c0000000)
  eden space 65536K, 100% used [0x000000076b380000,0x000000076f380000,0x000000076f380000)
  from space 10752K, 83% used [0x000000076f380000,0x000000076fc452e8,0x000000076fe00000)
  to   space 10752K, 0% used [0x000000076fe00000,0x000000076fe00000,0x0000000770880000)
 ParOldGen       total 175104K, used 16K [0x00000006c1a00000, 0x00000006cc500000, 0x000000076b380000)
  object space 175104K, 0% used [0x00000006c1a00000,0x00000006c1a04000,0x00000006cc500000)
 Metaspace       used 16566K, capacity 16898K, committed 17152K, reserved 1064960K
  class space    used 1900K, capacity 2010K, committed 2048K, reserved 1048576K
Event: 6.606 GC heap after
Heap after GC invocations=2 (full 0):
 PSYoungGen      total 76288K, used 10720K [0x000000076b380000, 0x0000000770880000, 0x00000007c0000000)
  eden space 65536K, 0% used [0x000000076b380000,0x000000076b380000,0x000000076f380000)
  from space 10752K, 99% used [0x000000076fe00000,0x00000007708782e8,0x0000000770880000)
  to   space 10752K, 0% used [0x000000076f380000,0x000000076f380000,0x000000076fe00000)
 ParOldGen       total 175104K, used 768K [0x00000006c1a00000, 0x00000006cc500000, 0x000000076b380000)
  object space 175104K, 0% used [0x00000006c1a00000,0x00000006c1ac0000,0x00000006cc500000)
 Metaspace       used 16566K, capacity 16898K, committed 17152K, reserved 1064960K
  class space    used 1900K, capacity 2010K, committed 2048K, reserved 1048576K
}
Event: 10.819 GC heap before
{Heap before GC invocations=3 (full 0):
 PSYoungGen      total 76288K, used 76256K [0x000000076b380000, 0x0000000770880000, 0x00000007c0000000)
  eden space 65536K, 100% used [0x000000076b380000,0x000000076f380000,0x000000076f380000)
  from space 10752K, 99% used [0x000000076fe00000,0x00000007708782e8,0x0000000770880000)
  to   space 10752K, 0% used [0x000000076f380000,0x000000076f380000,0x000000076fe00000)
 ParOldGen       total 175104K, used 768K [0x00000006c1a00000, 0x00000006cc500000, 0x000000076b380000)
  object space 175104K, 0% used [0x00000006c1a00000,0x00000006c1ac0000,0x00000006cc500000)
 Metaspace       used 17220K, capacity 17584K, committed 17920K, reserved 1064960K
  class space    used 1931K, capacity 2017K, committed 2048K, reserved 1048576K
Event: 10.836 GC heap after
Heap after GC invocations=3 (full 0):
 PSYoungGen      total 76288K, used 10745K [0x000000076b380000, 0x0000000770880000, 0x00000007c0000000)
  eden space 65536K, 0% used [0x000000076b380000,0x000000076b380000,0x000000076f380000)
  from space 10752K, 99% used [0x000000076f380000,0x000000076fdfe640,0x000000076fe00000)
  to   space 10752K, 0% used [0x000000076fe00000,0x000000076fe00000,0x0000000770880000)
 ParOldGen       total 175104K, used 5969K [0x00000006c1a00000, 0x00000006cc500000, 0x000000076b380000)
  object space 175104K, 3% used [0x00000006c1a00000,0x00000006c1fd45e0,0x00000006cc500000)
 Metaspace       used 17220K, capacity 17584K, committed 17920K, reserved 1064960K
  class space    used 1931K, capacity 2017K, committed 2048K, reserved 1048576K
}
Event: 14.786 GC heap before
{Heap before GC invocations=4 (full 0):
 PSYoungGen      total 76288K, used 76281K [0x000000076b380000, 0x0000000770880000, 0x00000007c0000000)
  eden space 65536K, 100% used [0x000000076b380000,0x000000076f380000,0x000000076f380000)
  from space 10752K, 99% used [0x000000076f380000,0x000000076fdfe640,0x000000076fe00000)
  to   space 10752K, 0% used [0x000000076fe00000,0x000000076fe00000,0x0000000770880000)
 ParOldGen       total 175104K, used 5969K [0x00000006c1a00000, 0x00000006cc500000, 0x000000076b380000)
  object space 175104K, 3% used [0x00000006c1a00000,0x00000006c1fd45e0,0x00000006cc500000)
 Metaspace       used 17601K, capacity 18012K, committed 18304K, reserved 1064960K
  class space    used 1946K, capacity 2051K, committed 2176K, reserved 1048576K
Event: 14.814 GC heap after
Heap after GC invocations=4 (full 0):
 PSYoungGen      total 76288K, used 10745K [0x000000076b380000, 0x0000000770880000, 0x00000007c0000000)
  eden space 65536K, 0% used [0x000000076b380000,0x000000076b380000,0x000000076f380000)
  from space 10752K, 99% used [0x000000076fe00000,0x000000077087e640,0x0000000770880000)
  to   space 10752K, 0% used [0x000000076f380000,0x000000076f380000,0x000000076fe00000)
 ParOldGen       total 175104K, used 13969K [0x00000006c1a00000, 0x00000006cc500000, 0x000000076b380000)
  object space 175104K, 7% used [0x00000006c1a00000,0x00000006c27a4548,0x00000006cc500000)
 Metaspace       used 17601K, capacity 18012K, committed 18304K, reserved 1064960K
  class space    used 1946K, capacity 2051K, committed 2176K, reserved 1048576K
}
Event: 18.212 GC heap before
{Heap before GC invocations=5 (full 0):
 PSYoungGen      total 76288K, used 75334K [0x000000076b380000, 0x0000000770880000, 0x00000007c0000000)
  eden space 65536K, 98% used [0x000000076b380000,0x000000076f293278,0x000000076f380000)
  from space 10752K, 99% used [0x000000076fe00000,0x000000077087e640,0x0000000770880000)
  to   space 10752K, 0% used [0x000000076f380000,0x000000076f380000,0x000000076fe00000)
 ParOldGen       total 175104K, used 13969K [0x00000006c1a00000, 0x00000006cc500000, 0x000000076b380000)
  object space 175104K, 7% used [0x00000006c1a00000,0x00000006c27a4548,0x00000006cc500000)
 Metaspace       used 20651K, capacity 21150K, committed 21296K, reserved 1069056K
  class space    used 2286K, capacity 2396K, committed 2432K, reserved 1048576K
Event: 18.396 GC heap after
Heap after GC invocations=5 (full 0):
 PSYoungGen      total 76288K, used 10738K [0x000000076b380000, 0x0000000770880000, 0x00000007c0000000)
  eden space 65536K, 0% used [0x000000076b380000,0x000000076b380000,0x000000076f380000)
  from space 10752K, 99% used [0x000000076f380000,0x000000076fdfc948,0x000000076fe00000)
  to   space 10752K, 0% used [0x000000076fe00000,0x000000076fe00000,0x0000000770880000)
 ParOldGen       total 175104K, used 18725K [0x00000006c1a00000, 0x00000006cc500000, 0x000000076b380000)
  object space 175104K, 10% used [0x00000006c1a00000,0x00000006c2c49610,0x00000006cc500000)
 Metaspace       used 20651K, capacity 21150K, committed 21296K, reserved 1069056K
  class space    used 2286K, capacity 2396K, committed 2432K, reserved 1048576K
}
Event: 18.396 GC heap before
{Heap before GC invocations=6 (full 1):
 PSYoungGen      total 76288K, used 10738K [0x000000076b380000, 0x0000000770880000, 0x00000007c0000000)
  eden space 65536K, 0% used [0x000000076b380000,0x000000076b380000,0x000000076f380000)
  from space 10752K, 99% used [0x000000076f380000,0x000000076fdfc948,0x000000076fe00000)
  to   space 10752K, 0% used [0x000000076fe00000,0x000000076fe00000,0x0000000770880000)
 ParOldGen       total 175104K, used 18725K [0x00000006c1a00000, 0x00000006cc500000, 0x000000076b380000)
  object space 175104K, 10% used [0x00000006c1a00000,0x00000006c2c49610,0x00000006cc500000)
 Metaspace       used 20651K, capacity 21150K, committed 21296K, reserved 1069056K
  class space    used 2286K, capacity 2396K, committed 2432K, reserved 1048576K
Event: 18.794 GC heap after
Heap after GC invocations=6 (full 1):
 PSYoungGen      total 76288K, used 0K [0x000000076b380000, 0x0000000770880000, 0x00000007c0000000)
  eden space 65536K, 0% used [0x000000076b380000,0x000000076b380000,0x000000076f380000)
  from space 10752K, 0% used [0x000000076f380000,0x000000076f380000,0x000000076fe00000)
  to   space 10752K, 0% used [0x000000076fe00000,0x000000076fe00000,0x0000000770880000)
 ParOldGen       total 138752K, used 26713K [0x00000006c1a00000, 0x00000006ca180000, 0x000000076b380000)
  object space 138752K, 19% used [0x00000006c1a00000,0x00000006c34165f0,0x00000006ca180000)
 Metaspace       used 20651K, capacity 21150K, committed 21296K, reserved 1069056K
  class space    used 2286K, capacity 2396K, committed 2432K, reserved 1048576K
}
Event: 20.561 GC heap before
{Heap before GC invocations=7 (full 1):
 PSYoungGen      total 76288K, used 65536K [0x000000076b380000, 0x0000000770880000, 0x00000007c0000000)
  eden space 65536K, 100% used [0x000000076b380000,0x000000076f380000,0x000000076f380000)
  from space 10752K, 0% used [0x000000076f380000,0x000000076f380000,0x000000076fe00000)
  to   space 10752K, 0% used [0x000000076fe00000,0x000000076fe00000,0x0000000770880000)
 ParOldGen       total 138752K, used 26713K [0x00000006c1a00000, 0x00000006ca180000, 0x000000076b380000)
  object space 138752K, 19% used [0x00000006c1a00000,0x00000006c34165f0,0x00000006ca180000)
 Metaspace       used 23418K, capacity 23934K, committed 24064K, reserved 1071104K
  class space    used 2615K, capacity 2748K, committed 2816K, reserved 1048576K
Event: 20.602 GC heap after
Heap after GC invocations=7 (full 1):
 PSYoungGen      total 65536K, used 8591K [0x000000076b380000, 0x0000000773a80000, 0x00000007c0000000)
  eden space 54784K, 0% used [0x000000076b380000,0x000000076b380000,0x000000076e900000)
  from space 10752K, 79% used [0x000000076fe00000,0x0000000770663e60,0x0000000770880000)
  to   space 21504K, 0% used [0x000000076e900000,0x000000076e900000,0x000000076fe00000)
 ParOldGen       total 138752K, used 26713K [0x00000006c1a00000, 0x00000006ca180000, 0x000000076b380000)
  object space 138752K, 19% used [0x00000006c1a00000,0x00000006c34165f0,0x00000006ca180000)
 Metaspace       used 23418K, capacity 23934K, committed 24064K, reserved 1071104K
  class space    used 2615K, capacity 2748K, committed 2816K, reserved 1048576K
}
Event: 22.417 GC heap before
{Heap before GC invocations=8 (full 1):
 PSYoungGen      total 65536K, used 63375K [0x000000076b380000, 0x0000000773a80000, 0x00000007c0000000)
  eden space 54784K, 100% used [0x000000076b380000,0x000000076e900000,0x000000076e900000)
  from space 10752K, 79% used [0x000000076fe00000,0x0000000770663e60,0x0000000770880000)
  to   space 21504K, 0% used [0x000000076e900000,0x000000076e900000,0x000000076fe00000)
 ParOldGen       total 138752K, used 26713K [0x00000006c1a00000, 0x00000006ca180000, 0x000000076b380000)
  object space 138752K, 19% used [0x00000006c1a00000,0x00000006c34165f0,0x00000006ca180000)
 Metaspace       used 24846K, capacity 25348K, committed 25472K, reserved 1071104K
  class space    used 2757K, capacity 2877K, committed 2944K, reserved 1048576K
Event: 22.436 GC heap after
Heap after GC invocations=8 (full 1):
 PSYoungGen      total 76288K, used 15490K [0x000000076b380000, 0x0000000772980000, 0x00000007c0000000)
  eden space 54784K, 0% used [0x000000076b380000,0x000000076b380000,0x000000076e900000)
  from space 21504K, 72% used [0x000000076e900000,0x000000076f820bf0,0x000000076fe00000)
  to   space 21504K, 0% used [0x0000000771480000,0x0000000771480000,0x0000000772980000)
 ParOldGen       total 138752K, used 26721K [0x00000006c1a00000, 0x00000006ca180000, 0x000000076b380000)
  object space 138752K, 19% used [0x00000006c1a00000,0x00000006c34185f0,0x00000006ca180000)
 Metaspace       used 24846K, capacity 25348K, committed 25472K, reserved 1071104K
  class space    used 2757K, capacity 2877K, committed 2944K, reserved 1048576K
}
Event: 24.029 GC heap before
{Heap before GC invocations=9 (full 1):
 PSYoungGen      total 76288K, used 70026K [0x000000076b380000, 0x0000000772980000, 0x00000007c0000000)
  eden space 54784K, 99% used [0x000000076b380000,0x000000076e8c1f00,0x000000076e900000)
  from space 21504K, 72% used [0x000000076e900000,0x000000076f820bf0,0x000000076fe00000)
  to   space 21504K, 0% used [0x0000000771480000,0x0000000771480000,0x0000000772980000)
 ParOldGen       total 138752K, used 26721K [0x00000006c1a00000, 0x00000006ca180000, 0x000000076b380000)
  object space 138752K, 19% used [0x00000006c1a00000,0x00000006c34185f0,0x00000006ca180000)
 Metaspace       used 27349K, capacity 27982K, committed 28160K, reserved 1075200K
  class space    used 3091K, capacity 3269K, committed 3328K, reserved 1048576K
Event: 24.080 GC heap after
Heap after GC invocations=9 (full 1):
 PSYoungGen      total 97792K, used 19804K [0x000000076b380000, 0x0000000772f80000, 0x00000007c0000000)
  eden space 76288K, 0% used [0x000000076b380000,0x000000076b380000,0x000000076fe00000)
  from space 21504K, 92% used [0x0000000771480000,0x00000007727d7330,0x0000000772980000)
  to   space 23040K, 0% used [0x000000076fe00000,0x000000076fe00000,0x0000000771480000)
 ParOldGen       total 138752K, used 26729K [0x00000006c1a00000, 0x00000006ca180000, 0x000000076b380000)
  object space 138752K, 19% used [0x00000006c1a00000,0x00000006c341a5f0,0x00000006ca180000)
 Metaspace       used 27349K, capacity 27982K, committed 28160K, reserved 1075200K
  class space    used 3091K, capacity 3269K, committed 3328K, reserved 1048576K
}
Event: 25.336 GC heap before
{Heap before GC invocations=10 (full 1):
 PSYoungGen      total 97792K, used 96092K [0x000000076b380000, 0x0000000772f80000, 0x00000007c0000000)
  eden space 76288K, 100% used [0x000000076b380000,0x000000076fe00000,0x000000076fe00000)
  from space 21504K, 92% used [0x0000000771480000,0x00000007727d7330,0x0000000772980000)
  to   space 23040K, 0% used [0x000000076fe00000,0x000000076fe00000,0x0000000771480000)
 ParOldGen       total 138752K, used 26729K [0x00000006c1a00000, 0x00000006ca180000, 0x000000076b380000)
  object space 138752K, 19% used [0x00000006c1a00000,0x00000006c341a5f0,0x00000006ca180000)
 Metaspace       used 33313K, capacity 34138K, committed 34432K, reserved 1079296K
  class space    used 3936K, capacity 4172K, committed 4224K, reserved 1048576K
Event: 25.379 GC heap after
Heap after GC invocations=10 (full 1):
 PSYoungGen      total 99328K, used 23010K [0x000000076b380000, 0x0000000774880000, 0x00000007c0000000)
  eden space 76288K, 0% used [0x000000076b380000,0x000000076b380000,0x000000076fe00000)
  from space 23040K, 99% used [0x000000076fe00000,0x0000000771478be8,0x0000000771480000)
  to   space 26112K, 0% used [0x0000000772f00000,0x0000000772f00000,0x0000000774880000)
 ParOldGen       total 138752K, used 26855K [0x00000006c1a00000, 0x00000006ca180000, 0x000000076b380000)
  object space 138752K, 19% used [0x00000006c1a00000,0x00000006c3439cb0,0x00000006ca180000)
 Metaspace       used 33313K, capacity 34138K, committed 34432K, reserved 1079296K
  class space    used 3936K, capacity 4172K, committed 4224K, reserved 1048576K
}
Event: 25.630 GC heap before
{Heap before GC invocations=11 (full 1):
 PSYoungGen      total 99328K, used 35293K [0x000000076b380000, 0x0000000774880000, 0x00000007c0000000)
  eden space 76288K, 16% used [0x000000076b380000,0x000000076bf7e9b0,0x000000076fe00000)
  from space 23040K, 99% used [0x000000076fe00000,0x0000000771478be8,0x0000000771480000)
  to   space 26112K, 0% used [0x0000000772f00000,0x0000000772f00000,0x0000000774880000)
 ParOldGen       total 138752K, used 26855K [0x00000006c1a00000, 0x00000006ca180000, 0x000000076b380000)
  object space 138752K, 19% used [0x00000006c1a00000,0x00000006c3439cb0,0x00000006ca180000)
 Metaspace       used 34576K, capacity 35400K, committed 35496K, reserved 1081344K
  class space    used 4071K, capacity 4317K, committed 4352K, reserved 1048576K
Event: 25.671 GC heap after
Heap after GC invocations=11 (full 1):
 PSYoungGen      total 125952K, used 20002K [0x000000076b380000, 0x0000000775200000, 0x00000007c0000000)
  eden space 99840K, 0% used [0x000000076b380000,0x000000076b380000,0x0000000771500000)
  from space 26112K, 76% used [0x0000000772f00000,0x00000007742888b8,0x0000000774880000)
  to   space 26624K, 0% used [0x0000000771500000,0x0000000771500000,0x0000000772f00000)
 ParOldGen       total 138752K, used 26855K [0x00000006c1a00000, 0x00000006ca180000, 0x000000076b380000)
  object space 138752K, 19% used [0x00000006c1a00000,0x00000006c3439cb0,0x00000006ca180000)
 Metaspace       used 34576K, capacity 35400K, committed 35496K, reserved 1081344K
  class space    used 4071K, capacity 4317K, committed 4352K, reserved 1048576K
}
Event: 25.671 GC heap before
{Heap before GC invocations=12 (full 2):
 PSYoungGen      total 125952K, used 20002K [0x000000076b380000, 0x0000000775200000, 0x00000007c0000000)
  eden space 99840K, 0% used [0x000000076b380000,0x000000076b380000,0x0000000771500000)
  from space 26112K, 76% used [0x0000000772f00000,0x00000007742888b8,0x0000000774880000)
  to   space 26624K, 0% used [0x0000000771500000,0x0000000771500000,0x0000000772f00000)
 ParOldGen       total 138752K, used 26855K [0x00000006c1a00000, 0x00000006ca180000, 0x000000076b380000)
  object space 138752K, 19% used [0x00000006c1a00000,0x00000006c3439cb0,0x00000006ca180000)
 Metaspace       used 34576K, capacity 35400K, committed 35496K, reserved 1081344K
  class space    used 4071K, capacity 4317K, committed 4352K, reserved 1048576K
Event: 25.974 GC heap after
Heap after GC invocations=12 (full 2):
 PSYoungGen      total 125952K, used 0K [0x000000076b380000, 0x0000000775200000, 0x00000007c0000000)
  eden space 99840K, 0% used [0x000000076b380000,0x000000076b380000,0x0000000771500000)
  from space 26112K, 0% used [0x0000000772f00000,0x0000000772f00000,0x0000000774880000)
  to   space 26624K, 0% used [0x0000000771500000,0x0000000771500000,0x0000000772f00000)
 ParOldGen       total 191488K, used 41370K [0x00000006c1a00000, 0x00000006cd500000, 0x000000076b380000)
  object space 191488K, 21% used [0x00000006c1a00000,0x00000006c4266b58,0x00000006cd500000)
 Metaspace       used 34574K, capacity 35394K, committed 35496K, reserved 1081344K
  class space    used 4070K, capacity 4316K, committed 4352K, reserved 1048576K
}
Event: 27.552 GC heap before
{Heap before GC invocations=13 (full 2):
 PSYoungGen      total 125952K, used 99840K [0x000000076b380000, 0x0000000775200000, 0x00000007c0000000)
  eden space 99840K, 100% used [0x000000076b380000,0x0000000771500000,0x0000000771500000)
  from space 26112K, 0% used [0x0000000772f00000,0x0000000772f00000,0x0000000774880000)
  to   space 26624K, 0% used [0x0000000771500000,0x0000000771500000,0x0000000772f00000)
 ParOldGen       total 191488K, used 41370K [0x00000006c1a00000, 0x00000006cd500000, 0x000000076b380000)
  object space 191488K, 21% used [0x00000006c1a00000,0x00000006c4266b58,0x00000006cd500000)
 Metaspace       used 44231K, capacity 45504K, committed 45696K, reserved 1089536K
  class space    used 5353K, capacity 5681K, committed 5760K, reserved 1048576K
Event: 27.562 GC heap after
Heap after GC invocations=13 (full 2):
 PSYoungGen      total 126464K, used 9616K [0x000000076b380000, 0x0000000776a00000, 0x00000007c0000000)
  eden space 99840K, 0% used [0x000000076b380000,0x000000076b380000,0x0000000771500000)
  from space 26624K, 36% used [0x0000000771500000,0x0000000771e64300,0x0000000772f00000)
  to   space 26624K, 0% used [0x0000000775000000,0x0000000775000000,0x0000000776a00000)
 ParOldGen       total 191488K, used 41442K [0x00000006c1a00000, 0x00000006cd500000, 0x000000076b380000)
  object space 191488K, 21% used [0x00000006c1a00000,0x00000006c4278b68,0x00000006cd500000)
 Metaspace       used 44231K, capacity 45504K, committed 45696K, reserved 1089536K
  class space    used 5353K, capacity 5681K, committed 5760K, reserved 1048576K
}
Event: 30.649 GC heap before
{Heap before GC invocations=14 (full 2):
 PSYoungGen      total 126464K, used 109456K [0x000000076b380000, 0x0000000776a00000, 0x00000007c0000000)
  eden space 99840K, 100% used [0x000000076b380000,0x0000000771500000,0x0000000771500000)
  from space 26624K, 36% used [0x0000000771500000,0x0000000771e64300,0x0000000772f00000)
  to   space 26624K, 0% used [0x0000000775000000,0x0000000775000000,0x0000000776a00000)
 ParOldGen       total 191488K, used 41442K [0x00000006c1a00000, 0x00000006cd500000, 0x000000076b380000)
  object space 191488K, 21% used [0x00000006c1a00000,0x00000006c4278b68,0x00000006cd500000)
 Metaspace       used 47370K, capacity 48760K, committed 48896K, reserved 1091584K
  class space    used 5742K, capacity 6089K, committed 6144K, reserved 1048576K
Event: 30.703 GC heap after
Heap after GC invocations=14 (full 2):
 PSYoungGen      total 155136K, used 8243K [0x000000076b380000, 0x0000000776780000, 0x00000007c0000000)
  eden space 131072K, 0% used [0x000000076b380000,0x000000076b380000,0x0000000773380000)
  from space 24064K, 34% used [0x0000000775000000,0x000000077580cf80,0x0000000776780000)
  to   space 26624K, 0% used [0x0000000773380000,0x0000000773380000,0x0000000774d80000)
 ParOldGen       total 191488K, used 41442K [0x00000006c1a00000, 0x00000006cd500000, 0x000000076b380000)
  object space 191488K, 21% used [0x00000006c1a00000,0x00000006c4278b68,0x00000006cd500000)
 Metaspace       used 47370K, capacity 48760K, committed 48896K, reserved 1091584K
  class space    used 5742K, capacity 6089K, committed 6144K, reserved 1048576K
}
Event: 34.531 GC heap before
{Heap before GC invocations=15 (full 2):
 PSYoungGen      total 155136K, used 139315K [0x000000076b380000, 0x0000000776780000, 0x00000007c0000000)
  eden space 131072K, 100% used [0x000000076b380000,0x0000000773380000,0x0000000773380000)
  from space 24064K, 34% used [0x0000000775000000,0x000000077580cf80,0x0000000776780000)
  to   space 26624K, 0% used [0x0000000773380000,0x0000000773380000,0x0000000774d80000)
 ParOldGen       total 191488K, used 41442K [0x00000006c1a00000, 0x00000006cd500000, 0x000000076b380000)
  object space 191488K, 21% used [0x00000006c1a00000,0x00000006c4278b68,0x00000006cd500000)
 Metaspace       used 50268K, capacity 51834K, committed 52224K, reserved 1095680K
  class space    used 6176K, capacity 6552K, committed 6656K, reserved 1048576K
Event: 34.634 GC heap after
Heap after GC invocations=15 (full 2):
 PSYoungGen      total 157696K, used 15692K [0x000000076b380000, 0x0000000778d80000, 0x00000007c0000000)
  eden space 131072K, 0% used [0x000000076b380000,0x000000076b380000,0x0000000773380000)
  from space 26624K, 58% used [0x0000000773380000,0x00000007742d31f8,0x0000000774d80000)
  to   space 26112K, 0% used [0x0000000777400000,0x0000000777400000,0x0000000778d80000)
 ParOldGen       total 191488K, used 41442K [0x00000006c1a00000, 0x00000006cd500000, 0x000000076b380000)
  object space 191488K, 21% used [0x00000006c1a00000,0x00000006c4278b68,0x00000006cd500000)
 Metaspace       used 50268K, capacity 51834K, committed 52224K, reserved 1095680K
  class space    used 6176K, capacity 6552K, committed 6656K, reserved 1048576K
}
Event: 37.720 GC heap before
{Heap before GC invocations=16 (full 2):
 PSYoungGen      total 157696K, used 146764K [0x000000076b380000, 0x0000000778d80000, 0x00000007c0000000)
  eden space 131072K, 100% used [0x000000076b380000,0x0000000773380000,0x0000000773380000)
  from space 26624K, 58% used [0x0000000773380000,0x00000007742d31f8,0x0000000774d80000)
  to   space 26112K, 0% used [0x0000000777400000,0x0000000777400000,0x0000000778d80000)
 ParOldGen       total 191488K, used 41442K [0x00000006c1a00000, 0x00000006cd500000, 0x000000076b380000)
  object space 191488K, 21% used [0x00000006c1a00000,0x00000006c4278b68,0x00000006cd500000)
 Metaspace       used 56747K, capacity 58552K, committed 58752K, reserved 1099776K
  class space    used 7125K, capacity 7541K, committed 7552K, reserved 1048576K
Event: 37.799 GC heap after
Heap after GC invocations=16 (full 2):
 PSYoungGen      total 196096K, used 19884K [0x000000076b380000, 0x0000000778d80000, 0x00000007c0000000)
  eden space 169984K, 0% used [0x000000076b380000,0x000000076b380000,0x0000000775980000)
  from space 26112K, 76% used [0x0000000777400000,0x000000077876b198,0x0000000778d80000)
  to   space 26624K, 0% used [0x0000000775980000,0x0000000775980000,0x0000000777380000)
 ParOldGen       total 191488K, used 41442K [0x00000006c1a00000, 0x00000006cd500000, 0x000000076b380000)
  object space 191488K, 21% used [0x00000006c1a00000,0x00000006c4278b68,0x00000006cd500000)
 Metaspace       used 56747K, capacity 58552K, committed 58752K, reserved 1099776K
  class space    used 7125K, capacity 7541K, committed 7552K, reserved 1048576K
}
Event: 38.014 GC heap before
{Heap before GC invocations=17 (full 2):
 PSYoungGen      total 196096K, used 33884K [0x000000076b380000, 0x0000000778d80000, 0x00000007c0000000)
  eden space 169984K, 8% used [0x000000076b380000,0x000000076c12bf18,0x0000000775980000)
  from space 26112K, 76% used [0x0000000777400000,0x000000077876b198,0x0000000778d80000)
  to   space 26624K, 0% used [0x0000000775980000,0x0000000775980000,0x0000000777380000)
 ParOldGen       total 191488K, used 41442K [0x00000006c1a00000, 0x00000006cd500000, 0x000000076b380000)
  object space 191488K, 21% used [0x00000006c1a00000,0x00000006c4278b68,0x00000006cd500000)
 Metaspace       used 57179K, capacity 58996K, committed 59136K, reserved 1101824K
  class space    used 7192K, capacity 7623K, committed 7680K, reserved 1048576K
Event: 38.038 GC heap after
Heap after GC invocations=17 (full 2):
 PSYoungGen      total 196608K, used 15841K [0x000000076b380000, 0x0000000778d80000, 0x00000007c0000000)
  eden space 169984K, 0% used [0x000000076b380000,0x000000076b380000,0x0000000775980000)
  from space 26624K, 59% used [0x0000000775980000,0x00000007768f8750,0x0000000777380000)
  to   space 26112K, 0% used [0x0000000777400000,0x0000000777400000,0x0000000778d80000)
 ParOldGen       total 191488K, used 41450K [0x00000006c1a00000, 0x00000006cd500000, 0x000000076b380000)
  object space 191488K, 21% used [0x00000006c1a00000,0x00000006c427ab68,0x00000006cd500000)
 Metaspace       used 57179K, capacity 58996K, committed 59136K, reserved 1101824K
  class space    used 7192K, capacity 7623K, committed 7680K, reserved 1048576K
}
Event: 38.038 GC heap before
{Heap before GC invocations=18 (full 3):
 PSYoungGen      total 196608K, used 15841K [0x000000076b380000, 0x0000000778d80000, 0x00000007c0000000)
  eden space 169984K, 0% used [0x000000076b380000,0x000000076b380000,0x0000000775980000)
  from space 26624K, 59% used [0x0000000775980000,0x00000007768f8750,0x0000000777380000)
  to   space 26112K, 0% used [0x0000000777400000,0x0000000777400000,0x0000000778d80000)
 ParOldGen       total 191488K, used 41450K [0x00000006c1a00000, 0x00000006cd500000, 0x000000076b380000)
  object space 191488K, 21% used [0x00000006c1a00000,0x00000006c427ab68,0x00000006cd500000)
 Metaspace       used 57179K, capacity 58996K, committed 59136K, reserved 1101824K
  class space    used 7192K, capacity 7623K, committed 7680K, reserved 1048576K
Event: 38.341 GC heap after
Heap after GC invocations=18 (full 3):
 PSYoungGen      total 196608K, used 0K [0x000000076b380000, 0x0000000778d80000, 0x00000007c0000000)
  eden space 169984K, 0% used [0x000000076b380000,0x000000076b380000,0x0000000775980000)
  from space 26624K, 0% used [0x0000000775980000,0x0000000775980000,0x0000000777380000)
  to   space 26112K, 0% used [0x0000000777400000,0x0000000777400000,0x0000000778d80000)
 ParOldGen       total 237056K, used 55344K [0x00000006c1a00000, 0x00000006d0180000, 0x000000076b380000)
  object space 237056K, 23% used [0x00000006c1a00000,0x00000006c500c278,0x00000006d0180000)
 Metaspace       used 57179K, capacity 58996K, committed 59136K, reserved 1101824K
  class space    used 7192K, capacity 7623K, committed 7680K, reserved 1048576K
}

